2022-10-05 19:10:23.870  INFO 1 --- [main] c.j.s.m.u.MsvcUsuariosApplication        : Starting MsvcUsuariosApplication v0.0.1-SNAPSHOT using Java 1.8.0_212 on a7dddf348e52 with PID 1 (/app/msvc-usuarios-0.0.1-SNAPSHOT.jar started by root in /app)
2022-10-05 19:10:23.875  INFO 1 --- [main] c.j.s.m.u.MsvcUsuariosApplication        : No active profile set, falling back to 1 default profile: "default"
2022-10-05 19:10:25.843  INFO 1 --- [main] .s.d.r.c.RepositoryConfigurationDelegate : Bootstrapping Spring Data JPA repositories in DEFAULT mode.
2022-10-05 19:10:25.941  INFO 1 --- [main] .s.d.r.c.RepositoryConfigurationDelegate : Finished Spring Data repository scanning in 82 ms. Found 1 JPA repository interfaces.
2022-10-05 19:10:26.736  INFO 1 --- [main] o.s.cloud.context.scope.GenericScope     : BeanFactory id=e7837f18-c1d8-3e55-b723-d0c714e0cc54
2022-10-05 19:10:28.188  INFO 1 --- [main] o.s.b.w.embedded.tomcat.TomcatWebServer  : Tomcat initialized with port(s): 8001 (http)
2022-10-05 19:10:28.206  INFO 1 --- [main] o.apache.catalina.core.StandardService   : Starting service [Tomcat]
2022-10-05 19:10:28.206  INFO 1 --- [main] org.apache.catalina.core.StandardEngine  : Starting Servlet engine: [Apache Tomcat/9.0.65]
2022-10-05 19:10:28.402  INFO 1 --- [main] o.a.c.c.C.[Tomcat].[localhost].[/]       : Initializing Spring embedded WebApplicationContext
2022-10-05 19:10:28.403  INFO 1 --- [main] w.s.c.ServletWebServerApplicationContext : Root WebApplicationContext: initialization completed in 4404 ms
2022-10-05 19:10:28.676  INFO 1 --- [main] o.hibernate.jpa.internal.util.LogHelper  : HHH000204: Processing PersistenceUnitInfo [name: default]
2022-10-05 19:10:28.779  INFO 1 --- [main] org.hibernate.Version                    : HHH000412: Hibernate ORM core version 5.6.11.Final
2022-10-05 19:10:29.060  INFO 1 --- [main] o.hibernate.annotations.common.Version   : HCANN000001: Hibernate Commons Annotations {5.1.2.Final}
2022-10-05 19:10:29.208  INFO 1 --- [main] com.zaxxer.hikari.HikariDataSource       : HikariPool-1 - Starting...
2022-10-05 19:10:29.729  INFO 1 --- [main] com.zaxxer.hikari.HikariDataSource       : HikariPool-1 - Start completed.
2022-10-05 19:10:29.767  INFO 1 --- [main] org.hibernate.dialect.Dialect            : HHH000400: Using dialect: org.hibernate.dialect.MySQL8Dialect
2022-10-05 19:10:30.827  INFO 1 --- [main] o.h.e.t.j.p.i.JtaPlatformInitiator       : HHH000490: Using JtaPlatform implementation: [org.hibernate.engine.transaction.jta.platform.internal.NoJtaPlatform]
2022-10-05 19:10:30.837  INFO 1 --- [main] j.LocalContainerEntityManagerFactoryBean : Initialized JPA EntityManagerFactory for persistence unit 'default'
2022-10-05 19:10:32.169  WARN 1 --- [main] JpaBaseConfiguration$JpaWebConfiguration : spring.jpa.open-in-view is enabled by default. Therefore, database queries may be performed during view rendering. Explicitly configure spring.jpa.open-in-view to disable this warning
2022-10-05 19:10:33.185  INFO 1 --- [main] o.s.b.w.embedded.tomcat.TomcatWebServer  : Tomcat started on port(s): 8001 (http) with context path ''
2022-10-05 19:10:33.206  INFO 1 --- [main] c.j.s.m.u.MsvcUsuariosApplication        : Started MsvcUsuariosApplication in 10.407 seconds (JVM running for 11.325)
2022-10-05 19:12:22.279  INFO 1 --- [http-nio-8001-exec-1] o.a.c.c.C.[Tomcat].[localhost].[/]       : Initializing Spring DispatcherServlet 'dispatcherServlet'
2022-10-05 19:12:22.279  INFO 1 --- [http-nio-8001-exec-1] o.s.web.servlet.DispatcherServlet        : Initializing Servlet 'dispatcherServlet'
2022-10-05 19:12:22.281  INFO 1 --- [http-nio-8001-exec-1] o.s.web.servlet.DispatcherServlet        : Completed initialization in 2 ms
2022-10-05 19:12:22.484 DEBUG 1 --- [http-nio-8001-exec-1] org.hibernate.SQL                        : select user0_.id as id1_0_, user0_.email as email2_0_, user0_.name as name3_0_, user0_.password as password4_0_ from users user0_
2022-10-05 19:12:34.928 DEBUG 1 --- [http-nio-8001-exec-3] org.hibernate.SQL                        : select user0_.id as col_0_0_ from users user0_ where user0_.email=? limit ?
2022-10-05 19:12:34.999 DEBUG 1 --- [http-nio-8001-exec-3] org.hibernate.SQL                        : insert into users (email, name, password) values (?, ?, ?)
2022-10-05 19:12:40.089 DEBUG 1 --- [http-nio-8001-exec-4] org.hibernate.SQL                        : select user0_.id as id1_0_, user0_.email as email2_0_, user0_.name as name3_0_, user0_.password as password4_0_ from users user0_
2022-10-05 19:12:45.725 DEBUG 1 --- [http-nio-8001-exec-5] org.hibernate.SQL                        : select user0_.id as id1_0_0_, user0_.email as email2_0_0_, user0_.name as name3_0_0_, user0_.password as password4_0_0_ from users user0_ where user0_.id=?
2022-10-05 19:13:06.590 DEBUG 1 --- [http-nio-8001-exec-6] org.hibernate.SQL                        : select user0_.id as id1_0_0_, user0_.email as email2_0_0_, user0_.name as name3_0_0_, user0_.password as password4_0_0_ from users user0_ where user0_.id=?
2022-10-05 19:13:06.599 DEBUG 1 --- [http-nio-8001-exec-6] org.hibernate.SQL                        : select user0_.id as col_0_0_ from users user0_ where user0_.email=? limit ?
2022-10-05 19:13:06.617 DEBUG 1 --- [http-nio-8001-exec-6] org.hibernate.SQL                        : update users set email=?, name=?, password=? where id=?
2022-10-05 19:13:14.412 DEBUG 1 --- [http-nio-8001-exec-7] org.hibernate.SQL                        : select user0_.id as id1_0_, user0_.email as email2_0_, user0_.name as name3_0_, user0_.password as password4_0_ from users user0_ where user0_.id in (? , ?)
2022-10-05 19:13:21.466 DEBUG 1 --- [http-nio-8001-exec-8] org.hibernate.SQL                        : select user0_.id as id1_0_, user0_.email as email2_0_, user0_.name as name3_0_, user0_.password as password4_0_ from users user0_ where user0_.id in (? , ? , ?)
2022-10-05 19:13:31.383 DEBUG 1 --- [http-nio-8001-exec-9] org.hibernate.SQL                        : select user0_.id as id1_0_0_, user0_.email as email2_0_0_, user0_.name as name3_0_0_, user0_.password as password4_0_0_ from users user0_ where user0_.id=?
2022-10-05 19:13:33.453 ERROR 1 --- [http-nio-8001-exec-9] o.a.c.c.C.[.[.[/].[dispatcherServlet]    : Servlet.service() for servlet [dispatcherServlet] in context with path [] threw exception [Request processing failed; nested exception is feign.RetryableException: Connection refused (Connection refused) executing DELETE http://host.docker.internal:8002/api/v1/courses/remove-course-user/1] with root cause

java.net.ConnectException: Connection refused (Connection refused)
	at java.net.PlainSocketImpl.socketConnect(Native Method) ~[na:1.8.0_212]
	at java.net.AbstractPlainSocketImpl.doConnect(AbstractPlainSocketImpl.java:350) ~[na:1.8.0_212]
	at java.net.AbstractPlainSocketImpl.connectToAddress(AbstractPlainSocketImpl.java:206) ~[na:1.8.0_212]
	at java.net.AbstractPlainSocketImpl.connect(AbstractPlainSocketImpl.java:188) ~[na:1.8.0_212]
	at java.net.SocksSocketImpl.connect(SocksSocketImpl.java:392) ~[na:1.8.0_212]
	at java.net.Socket.connect(Socket.java:589) ~[na:1.8.0_212]
	at sun.net.NetworkClient.doConnect(NetworkClient.java:175) ~[na:1.8.0_212]
	at sun.net.www.http.HttpClient.openServer(HttpClient.java:463) ~[na:1.8.0_212]
	at sun.net.www.http.HttpClient.openServer(HttpClient.java:558) ~[na:1.8.0_212]
	at sun.net.www.http.HttpClient.<init>(HttpClient.java:242) ~[na:1.8.0_212]
	at sun.net.www.http.HttpClient.New(HttpClient.java:339) ~[na:1.8.0_212]
	at sun.net.www.http.HttpClient.New(HttpClient.java:357) ~[na:1.8.0_212]
	at sun.net.www.protocol.http.HttpURLConnection.getNewHttpClient(HttpURLConnection.java:1220) ~[na:1.8.0_212]
	at sun.net.www.protocol.http.HttpURLConnection.plainConnect0(HttpURLConnection.java:1156) ~[na:1.8.0_212]
	at sun.net.www.protocol.http.HttpURLConnection.plainConnect(HttpURLConnection.java:1050) ~[na:1.8.0_212]
	at sun.net.www.protocol.http.HttpURLConnection.connect(HttpURLConnection.java:984) ~[na:1.8.0_212]
	at sun.net.www.protocol.http.HttpURLConnection.getInputStream0(HttpURLConnection.java:1564) ~[na:1.8.0_212]
	at sun.net.www.protocol.http.HttpURLConnection.getInputStream(HttpURLConnection.java:1492) ~[na:1.8.0_212]
	at java.net.HttpURLConnection.getResponseCode(HttpURLConnection.java:480) ~[na:1.8.0_212]
	at feign.Client$Default.convertResponse(Client.java:109) ~[feign-core-11.8.jar!/:na]
	at feign.Client$Default.execute(Client.java:105) ~[feign-core-11.8.jar!/:na]
	at feign.SynchronousMethodHandler.executeAndDecode(SynchronousMethodHandler.java:119) ~[feign-core-11.8.jar!/:na]
	at feign.SynchronousMethodHandler.invoke(SynchronousMethodHandler.java:89) ~[feign-core-11.8.jar!/:na]
	at feign.ReflectiveFeign$FeignInvocationHandler.invoke(ReflectiveFeign.java:100) ~[feign-core-11.8.jar!/:na]
	at com.sun.proxy.$Proxy124.deleteCourseUserById(Unknown Source) ~[na:na]
	at com.joeldavg.springcloud.msvc.usuarios.service.impl.UserServiceImpl.deleteById(UserServiceImpl.java:45) ~[classes!/:0.0.1-SNAPSHOT]
	at com.joeldavg.springcloud.msvc.usuarios.service.impl.UserServiceImpl$$FastClassBySpringCGLIB$$706cf990.invoke(<generated>) ~[classes!/:0.0.1-SNAPSHOT]
	at org.springframework.cglib.proxy.MethodProxy.invoke(MethodProxy.java:218) ~[spring-core-5.3.23.jar!/:5.3.23]
	at org.springframework.aop.framework.CglibAopProxy$CglibMethodInvocation.invokeJoinpoint(CglibAopProxy.java:793) ~[spring-aop-5.3.23.jar!/:5.3.23]
	at org.springframework.aop.framework.ReflectiveMethodInvocation.proceed(ReflectiveMethodInvocation.java:163) ~[spring-aop-5.3.23.jar!/:5.3.23]
	at org.springframework.aop.framework.CglibAopProxy$CglibMethodInvocation.proceed(CglibAopProxy.java:763) ~[spring-aop-5.3.23.jar!/:5.3.23]
	at org.springframework.transaction.interceptor.TransactionInterceptor$1.proceedWithInvocation(TransactionInterceptor.java:123) ~[spring-tx-5.3.23.jar!/:5.3.23]
	at org.springframework.transaction.interceptor.TransactionAspectSupport.invokeWithinTransaction(TransactionAspectSupport.java:388) ~[spring-tx-5.3.23.jar!/:5.3.23]
	at org.springframework.transaction.interceptor.TransactionInterceptor.invoke(TransactionInterceptor.java:119) ~[spring-tx-5.3.23.jar!/:5.3.23]
	at org.springframework.aop.framework.ReflectiveMethodInvocation.proceed(ReflectiveMethodInvocation.java:186) ~[spring-aop-5.3.23.jar!/:5.3.23]
	at org.springframework.aop.framework.CglibAopProxy$CglibMethodInvocation.proceed(CglibAopProxy.java:763) ~[spring-aop-5.3.23.jar!/:5.3.23]
	at org.springframework.aop.framework.CglibAopProxy$DynamicAdvisedInterceptor.intercept(CglibAopProxy.java:708) ~[spring-aop-5.3.23.jar!/:5.3.23]
	at com.joeldavg.springcloud.msvc.usuarios.service.impl.UserServiceImpl$$EnhancerBySpringCGLIB$$1f63620c.deleteById(<generated>) ~[classes!/:0.0.1-SNAPSHOT]
	at com.joeldavg.springcloud.msvc.usuarios.controller.UserController.deleteById(UserController.java:88) ~[classes!/:0.0.1-SNAPSHOT]
	at sun.reflect.NativeMethodAccessorImpl.invoke0(Native Method) ~[na:1.8.0_212]
	at sun.reflect.NativeMethodAccessorImpl.invoke(NativeMethodAccessorImpl.java:62) ~[na:1.8.0_212]
	at sun.reflect.DelegatingMethodAccessorImpl.invoke(DelegatingMethodAccessorImpl.java:43) ~[na:1.8.0_212]
	at java.lang.reflect.Method.invoke(Method.java:498) ~[na:1.8.0_212]
	at org.springframework.web.method.support.InvocableHandlerMethod.doInvoke(InvocableHandlerMethod.java:205) ~[spring-web-5.3.23.jar!/:5.3.23]
	at org.springframework.web.method.support.InvocableHandlerMethod.invokeForRequest(InvocableHandlerMethod.java:150) ~[spring-web-5.3.23.jar!/:5.3.23]
	at org.springframework.web.servlet.mvc.method.annotation.ServletInvocableHandlerMethod.invokeAndHandle(ServletInvocableHandlerMethod.java:117) ~[spring-webmvc-5.3.23.jar!/:5.3.23]
	at org.springframework.web.servlet.mvc.method.annotation.RequestMappingHandlerAdapter.invokeHandlerMethod(RequestMappingHandlerAdapter.java:895) ~[spring-webmvc-5.3.23.jar!/:5.3.23]
	at org.springframework.web.servlet.mvc.method.annotation.RequestMappingHandlerAdapter.handleInternal(RequestMappingHandlerAdapter.java:808) ~[spring-webmvc-5.3.23.jar!/:5.3.23]
	at org.springframework.web.servlet.mvc.method.AbstractHandlerMethodAdapter.handle(AbstractHandlerMethodAdapter.java:87) ~[spring-webmvc-5.3.23.jar!/:5.3.23]
	at org.springframework.web.servlet.DispatcherServlet.doDispatch(DispatcherServlet.java:1071) ~[spring-webmvc-5.3.23.jar!/:5.3.23]
	at org.springframework.web.servlet.DispatcherServlet.doService(DispatcherServlet.java:964) ~[spring-webmvc-5.3.23.jar!/:5.3.23]
	at org.springframework.web.servlet.FrameworkServlet.processRequest(FrameworkServlet.java:1006) ~[spring-webmvc-5.3.23.jar!/:5.3.23]
	at org.springframework.web.servlet.FrameworkServlet.doDelete(FrameworkServlet.java:931) ~[spring-webmvc-5.3.23.jar!/:5.3.23]
	at javax.servlet.http.HttpServlet.service(HttpServlet.java:687) ~[tomcat-embed-core-9.0.65.jar!/:na]
	at org.springframework.web.servlet.FrameworkServlet.service(FrameworkServlet.java:883) ~[spring-webmvc-5.3.23.jar!/:5.3.23]
	at javax.servlet.http.HttpServlet.service(HttpServlet.java:764) ~[tomcat-embed-core-9.0.65.jar!/:na]
	at org.apache.catalina.core.ApplicationFilterChain.internalDoFilter(ApplicationFilterChain.java:227) ~[tomcat-embed-core-9.0.65.jar!/:na]
	at org.apache.catalina.core.ApplicationFilterChain.doFilter(ApplicationFilterChain.java:162) ~[tomcat-embed-core-9.0.65.jar!/:na]
	at org.apache.tomcat.websocket.server.WsFilter.doFilter(WsFilter.java:53) ~[tomcat-embed-websocket-9.0.65.jar!/:na]
	at org.apache.catalina.core.ApplicationFilterChain.internalDoFilter(ApplicationFilterChain.java:189) ~[tomcat-embed-core-9.0.65.jar!/:na]
	at org.apache.catalina.core.ApplicationFilterChain.doFilter(ApplicationFilterChain.java:162) ~[tomcat-embed-core-9.0.65.jar!/:na]
	at org.springframework.web.filter.RequestContextFilter.doFilterInternal(RequestContextFilter.java:100) ~[spring-web-5.3.23.jar!/:5.3.23]
	at org.springframework.web.filter.OncePerRequestFilter.doFilter(OncePerRequestFilter.java:117) ~[spring-web-5.3.23.jar!/:5.3.23]
	at org.apache.catalina.core.ApplicationFilterChain.internalDoFilter(ApplicationFilterChain.java:189) ~[tomcat-embed-core-9.0.65.jar!/:na]
	at org.apache.catalina.core.ApplicationFilterChain.doFilter(ApplicationFilterChain.java:162) ~[tomcat-embed-core-9.0.65.jar!/:na]
	at org.springframework.web.filter.FormContentFilter.doFilterInternal(FormContentFilter.java:93) ~[spring-web-5.3.23.jar!/:5.3.23]
	at org.springframework.web.filter.OncePerRequestFilter.doFilter(OncePerRequestFilter.java:117) ~[spring-web-5.3.23.jar!/:5.3.23]
	at org.apache.catalina.core.ApplicationFilterChain.internalDoFilter(ApplicationFilterChain.java:189) ~[tomcat-embed-core-9.0.65.jar!/:na]
	at org.apache.catalina.core.ApplicationFilterChain.doFilter(ApplicationFilterChain.java:162) ~[tomcat-embed-core-9.0.65.jar!/:na]
	at org.springframework.web.filter.CharacterEncodingFilter.doFilterInternal(CharacterEncodingFilter.java:201) ~[spring-web-5.3.23.jar!/:5.3.23]
	at org.springframework.web.filter.OncePerRequestFilter.doFilter(OncePerRequestFilter.java:117) ~[spring-web-5.3.23.jar!/:5.3.23]
	at org.apache.catalina.core.ApplicationFilterChain.internalDoFilter(ApplicationFilterChain.java:189) ~[tomcat-embed-core-9.0.65.jar!/:na]
	at org.apache.catalina.core.ApplicationFilterChain.doFilter(ApplicationFilterChain.java:162) ~[tomcat-embed-core-9.0.65.jar!/:na]
	at org.apache.catalina.core.StandardWrapperValve.invoke(StandardWrapperValve.java:197) ~[tomcat-embed-core-9.0.65.jar!/:na]
	at org.apache.catalina.core.StandardContextValve.invoke(StandardContextValve.java:97) [tomcat-embed-core-9.0.65.jar!/:na]
	at org.apache.catalina.authenticator.AuthenticatorBase.invoke(AuthenticatorBase.java:541) [tomcat-embed-core-9.0.65.jar!/:na]
	at org.apache.catalina.core.StandardHostValve.invoke(StandardHostValve.java:135) [tomcat-embed-core-9.0.65.jar!/:na]
	at org.apache.catalina.valves.ErrorReportValve.invoke(ErrorReportValve.java:92) [tomcat-embed-core-9.0.65.jar!/:na]
	at org.apache.catalina.core.StandardEngineValve.invoke(StandardEngineValve.java:78) [tomcat-embed-core-9.0.65.jar!/:na]
	at org.apache.catalina.connector.CoyoteAdapter.service(CoyoteAdapter.java:360) [tomcat-embed-core-9.0.65.jar!/:na]
	at org.apache.coyote.http11.Http11Processor.service(Http11Processor.java:399) [tomcat-embed-core-9.0.65.jar!/:na]
	at org.apache.coyote.AbstractProcessorLight.process(AbstractProcessorLight.java:65) [tomcat-embed-core-9.0.65.jar!/:na]
	at org.apache.coyote.AbstractProtocol$ConnectionHandler.process(AbstractProtocol.java:890) [tomcat-embed-core-9.0.65.jar!/:na]
	at org.apache.tomcat.util.net.NioEndpoint$SocketProcessor.doRun(NioEndpoint.java:1789) [tomcat-embed-core-9.0.65.jar!/:na]
	at org.apache.tomcat.util.net.SocketProcessorBase.run(SocketProcessorBase.java:49) [tomcat-embed-core-9.0.65.jar!/:na]
	at org.apache.tomcat.util.threads.ThreadPoolExecutor.runWorker(ThreadPoolExecutor.java:1191) [tomcat-embed-core-9.0.65.jar!/:na]
	at org.apache.tomcat.util.threads.ThreadPoolExecutor$Worker.run(ThreadPoolExecutor.java:659) [tomcat-embed-core-9.0.65.jar!/:na]
	at org.apache.tomcat.util.threads.TaskThread$WrappingRunnable.run(TaskThread.java:61) [tomcat-embed-core-9.0.65.jar!/:na]
	at java.lang.Thread.run(Thread.java:748) [na:1.8.0_212]

2022-10-05 19:14:29.340 DEBUG 1 --- [http-nio-8001-exec-2] org.hibernate.SQL                        : select user0_.id as id1_0_0_, user0_.email as email2_0_0_, user0_.name as name3_0_0_, user0_.password as password4_0_0_ from users user0_ where user0_.id=?
2022-10-05 19:14:31.409 ERROR 1 --- [http-nio-8001-exec-2] o.a.c.c.C.[.[.[/].[dispatcherServlet]    : Servlet.service() for servlet [dispatcherServlet] in context with path [] threw exception [Request processing failed; nested exception is feign.RetryableException: Connection refused (Connection refused) executing DELETE http://host.docker.internal:8002/api/v1/courses/remove-course-user/1] with root cause

java.net.ConnectException: Connection refused (Connection refused)
	at java.net.PlainSocketImpl.socketConnect(Native Method) ~[na:1.8.0_212]
	at java.net.AbstractPlainSocketImpl.doConnect(AbstractPlainSocketImpl.java:350) ~[na:1.8.0_212]
	at java.net.AbstractPlainSocketImpl.connectToAddress(AbstractPlainSocketImpl.java:206) ~[na:1.8.0_212]
	at java.net.AbstractPlainSocketImpl.connect(AbstractPlainSocketImpl.java:188) ~[na:1.8.0_212]
	at java.net.SocksSocketImpl.connect(SocksSocketImpl.java:392) ~[na:1.8.0_212]
	at java.net.Socket.connect(Socket.java:589) ~[na:1.8.0_212]
	at sun.net.NetworkClient.doConnect(NetworkClient.java:175) ~[na:1.8.0_212]
	at sun.net.www.http.HttpClient.openServer(HttpClient.java:463) ~[na:1.8.0_212]
	at sun.net.www.http.HttpClient.openServer(HttpClient.java:558) ~[na:1.8.0_212]
	at sun.net.www.http.HttpClient.<init>(HttpClient.java:242) ~[na:1.8.0_212]
	at sun.net.www.http.HttpClient.New(HttpClient.java:339) ~[na:1.8.0_212]
	at sun.net.www.http.HttpClient.New(HttpClient.java:357) ~[na:1.8.0_212]
	at sun.net.www.protocol.http.HttpURLConnection.getNewHttpClient(HttpURLConnection.java:1220) ~[na:1.8.0_212]
	at sun.net.www.protocol.http.HttpURLConnection.plainConnect0(HttpURLConnection.java:1156) ~[na:1.8.0_212]
	at sun.net.www.protocol.http.HttpURLConnection.plainConnect(HttpURLConnection.java:1050) ~[na:1.8.0_212]
	at sun.net.www.protocol.http.HttpURLConnection.connect(HttpURLConnection.java:984) ~[na:1.8.0_212]
	at sun.net.www.protocol.http.HttpURLConnection.getInputStream0(HttpURLConnection.java:1564) ~[na:1.8.0_212]
	at sun.net.www.protocol.http.HttpURLConnection.getInputStream(HttpURLConnection.java:1492) ~[na:1.8.0_212]
	at java.net.HttpURLConnection.getResponseCode(HttpURLConnection.java:480) ~[na:1.8.0_212]
	at feign.Client$Default.convertResponse(Client.java:109) ~[feign-core-11.8.jar!/:na]
	at feign.Client$Default.execute(Client.java:105) ~[feign-core-11.8.jar!/:na]
	at feign.SynchronousMethodHandler.executeAndDecode(SynchronousMethodHandler.java:119) ~[feign-core-11.8.jar!/:na]
	at feign.SynchronousMethodHandler.invoke(SynchronousMethodHandler.java:89) ~[feign-core-11.8.jar!/:na]
	at feign.ReflectiveFeign$FeignInvocationHandler.invoke(ReflectiveFeign.java:100) ~[feign-core-11.8.jar!/:na]
	at com.sun.proxy.$Proxy124.deleteCourseUserById(Unknown Source) ~[na:na]
	at com.joeldavg.springcloud.msvc.usuarios.service.impl.UserServiceImpl.deleteById(UserServiceImpl.java:45) ~[classes!/:0.0.1-SNAPSHOT]
	at com.joeldavg.springcloud.msvc.usuarios.service.impl.UserServiceImpl$$FastClassBySpringCGLIB$$706cf990.invoke(<generated>) ~[classes!/:0.0.1-SNAPSHOT]
	at org.springframework.cglib.proxy.MethodProxy.invoke(MethodProxy.java:218) ~[spring-core-5.3.23.jar!/:5.3.23]
	at org.springframework.aop.framework.CglibAopProxy$CglibMethodInvocation.invokeJoinpoint(CglibAopProxy.java:793) ~[spring-aop-5.3.23.jar!/:5.3.23]
	at org.springframework.aop.framework.ReflectiveMethodInvocation.proceed(ReflectiveMethodInvocation.java:163) ~[spring-aop-5.3.23.jar!/:5.3.23]
	at org.springframework.aop.framework.CglibAopProxy$CglibMethodInvocation.proceed(CglibAopProxy.java:763) ~[spring-aop-5.3.23.jar!/:5.3.23]
	at org.springframework.transaction.interceptor.TransactionInterceptor$1.proceedWithInvocation(TransactionInterceptor.java:123) ~[spring-tx-5.3.23.jar!/:5.3.23]
	at org.springframework.transaction.interceptor.TransactionAspectSupport.invokeWithinTransaction(TransactionAspectSupport.java:388) ~[spring-tx-5.3.23.jar!/:5.3.23]
	at org.springframework.transaction.interceptor.TransactionInterceptor.invoke(TransactionInterceptor.java:119) ~[spring-tx-5.3.23.jar!/:5.3.23]
	at org.springframework.aop.framework.ReflectiveMethodInvocation.proceed(ReflectiveMethodInvocation.java:186) ~[spring-aop-5.3.23.jar!/:5.3.23]
	at org.springframework.aop.framework.CglibAopProxy$CglibMethodInvocation.proceed(CglibAopProxy.java:763) ~[spring-aop-5.3.23.jar!/:5.3.23]
	at org.springframework.aop.framework.CglibAopProxy$DynamicAdvisedInterceptor.intercept(CglibAopProxy.java:708) ~[spring-aop-5.3.23.jar!/:5.3.23]
	at com.joeldavg.springcloud.msvc.usuarios.service.impl.UserServiceImpl$$EnhancerBySpringCGLIB$$1f63620c.deleteById(<generated>) ~[classes!/:0.0.1-SNAPSHOT]
	at com.joeldavg.springcloud.msvc.usuarios.controller.UserController.deleteById(UserController.java:88) ~[classes!/:0.0.1-SNAPSHOT]
	at sun.reflect.NativeMethodAccessorImpl.invoke0(Native Method) ~[na:1.8.0_212]
	at sun.reflect.NativeMethodAccessorImpl.invoke(NativeMethodAccessorImpl.java:62) ~[na:1.8.0_212]
	at sun.reflect.DelegatingMethodAccessorImpl.invoke(DelegatingMethodAccessorImpl.java:43) ~[na:1.8.0_212]
	at java.lang.reflect.Method.invoke(Method.java:498) ~[na:1.8.0_212]
	at org.springframework.web.method.support.InvocableHandlerMethod.doInvoke(InvocableHandlerMethod.java:205) ~[spring-web-5.3.23.jar!/:5.3.23]
	at org.springframework.web.method.support.InvocableHandlerMethod.invokeForRequest(InvocableHandlerMethod.java:150) ~[spring-web-5.3.23.jar!/:5.3.23]
	at org.springframework.web.servlet.mvc.method.annotation.ServletInvocableHandlerMethod.invokeAndHandle(ServletInvocableHandlerMethod.java:117) ~[spring-webmvc-5.3.23.jar!/:5.3.23]
	at org.springframework.web.servlet.mvc.method.annotation.RequestMappingHandlerAdapter.invokeHandlerMethod(RequestMappingHandlerAdapter.java:895) ~[spring-webmvc-5.3.23.jar!/:5.3.23]
	at org.springframework.web.servlet.mvc.method.annotation.RequestMappingHandlerAdapter.handleInternal(RequestMappingHandlerAdapter.java:808) ~[spring-webmvc-5.3.23.jar!/:5.3.23]
	at org.springframework.web.servlet.mvc.method.AbstractHandlerMethodAdapter.handle(AbstractHandlerMethodAdapter.java:87) ~[spring-webmvc-5.3.23.jar!/:5.3.23]
	at org.springframework.web.servlet.DispatcherServlet.doDispatch(DispatcherServlet.java:1071) ~[spring-webmvc-5.3.23.jar!/:5.3.23]
	at org.springframework.web.servlet.DispatcherServlet.doService(DispatcherServlet.java:964) ~[spring-webmvc-5.3.23.jar!/:5.3.23]
	at org.springframework.web.servlet.FrameworkServlet.processRequest(FrameworkServlet.java:1006) ~[spring-webmvc-5.3.23.jar!/:5.3.23]
	at org.springframework.web.servlet.FrameworkServlet.doDelete(FrameworkServlet.java:931) ~[spring-webmvc-5.3.23.jar!/:5.3.23]
	at javax.servlet.http.HttpServlet.service(HttpServlet.java:687) ~[tomcat-embed-core-9.0.65.jar!/:na]
	at org.springframework.web.servlet.FrameworkServlet.service(FrameworkServlet.java:883) ~[spring-webmvc-5.3.23.jar!/:5.3.23]
	at javax.servlet.http.HttpServlet.service(HttpServlet.java:764) ~[tomcat-embed-core-9.0.65.jar!/:na]
	at org.apache.catalina.core.ApplicationFilterChain.internalDoFilter(ApplicationFilterChain.java:227) ~[tomcat-embed-core-9.0.65.jar!/:na]
	at org.apache.catalina.core.ApplicationFilterChain.doFilter(ApplicationFilterChain.java:162) ~[tomcat-embed-core-9.0.65.jar!/:na]
	at org.apache.tomcat.websocket.server.WsFilter.doFilter(WsFilter.java:53) ~[tomcat-embed-websocket-9.0.65.jar!/:na]
	at org.apache.catalina.core.ApplicationFilterChain.internalDoFilter(ApplicationFilterChain.java:189) ~[tomcat-embed-core-9.0.65.jar!/:na]
	at org.apache.catalina.core.ApplicationFilterChain.doFilter(ApplicationFilterChain.java:162) ~[tomcat-embed-core-9.0.65.jar!/:na]
	at org.springframework.web.filter.RequestContextFilter.doFilterInternal(RequestContextFilter.java:100) ~[spring-web-5.3.23.jar!/:5.3.23]
	at org.springframework.web.filter.OncePerRequestFilter.doFilter(OncePerRequestFilter.java:117) ~[spring-web-5.3.23.jar!/:5.3.23]
	at org.apache.catalina.core.ApplicationFilterChain.internalDoFilter(ApplicationFilterChain.java:189) ~[tomcat-embed-core-9.0.65.jar!/:na]
	at org.apache.catalina.core.ApplicationFilterChain.doFilter(ApplicationFilterChain.java:162) ~[tomcat-embed-core-9.0.65.jar!/:na]
	at org.springframework.web.filter.FormContentFilter.doFilterInternal(FormContentFilter.java:93) ~[spring-web-5.3.23.jar!/:5.3.23]
	at org.springframework.web.filter.OncePerRequestFilter.doFilter(OncePerRequestFilter.java:117) ~[spring-web-5.3.23.jar!/:5.3.23]
	at org.apache.catalina.core.ApplicationFilterChain.internalDoFilter(ApplicationFilterChain.java:189) ~[tomcat-embed-core-9.0.65.jar!/:na]
	at org.apache.catalina.core.ApplicationFilterChain.doFilter(ApplicationFilterChain.java:162) ~[tomcat-embed-core-9.0.65.jar!/:na]
	at org.springframework.web.filter.CharacterEncodingFilter.doFilterInternal(CharacterEncodingFilter.java:201) ~[spring-web-5.3.23.jar!/:5.3.23]
	at org.springframework.web.filter.OncePerRequestFilter.doFilter(OncePerRequestFilter.java:117) ~[spring-web-5.3.23.jar!/:5.3.23]
	at org.apache.catalina.core.ApplicationFilterChain.internalDoFilter(ApplicationFilterChain.java:189) ~[tomcat-embed-core-9.0.65.jar!/:na]
	at org.apache.catalina.core.ApplicationFilterChain.doFilter(ApplicationFilterChain.java:162) ~[tomcat-embed-core-9.0.65.jar!/:na]
	at org.apache.catalina.core.StandardWrapperValve.invoke(StandardWrapperValve.java:197) ~[tomcat-embed-core-9.0.65.jar!/:na]
	at org.apache.catalina.core.StandardContextValve.invoke(StandardContextValve.java:97) [tomcat-embed-core-9.0.65.jar!/:na]
	at org.apache.catalina.authenticator.AuthenticatorBase.invoke(AuthenticatorBase.java:541) [tomcat-embed-core-9.0.65.jar!/:na]
	at org.apache.catalina.core.StandardHostValve.invoke(StandardHostValve.java:135) [tomcat-embed-core-9.0.65.jar!/:na]
	at org.apache.catalina.valves.ErrorReportValve.invoke(ErrorReportValve.java:92) [tomcat-embed-core-9.0.65.jar!/:na]
	at org.apache.catalina.core.StandardEngineValve.invoke(StandardEngineValve.java:78) [tomcat-embed-core-9.0.65.jar!/:na]
	at org.apache.catalina.connector.CoyoteAdapter.service(CoyoteAdapter.java:360) [tomcat-embed-core-9.0.65.jar!/:na]
	at org.apache.coyote.http11.Http11Processor.service(Http11Processor.java:399) [tomcat-embed-core-9.0.65.jar!/:na]
	at org.apache.coyote.AbstractProcessorLight.process(AbstractProcessorLight.java:65) [tomcat-embed-core-9.0.65.jar!/:na]
	at org.apache.coyote.AbstractProtocol$ConnectionHandler.process(AbstractProtocol.java:890) [tomcat-embed-core-9.0.65.jar!/:na]
	at org.apache.tomcat.util.net.NioEndpoint$SocketProcessor.doRun(NioEndpoint.java:1789) [tomcat-embed-core-9.0.65.jar!/:na]
	at org.apache.tomcat.util.net.SocketProcessorBase.run(SocketProcessorBase.java:49) [tomcat-embed-core-9.0.65.jar!/:na]
	at org.apache.tomcat.util.threads.ThreadPoolExecutor.runWorker(ThreadPoolExecutor.java:1191) [tomcat-embed-core-9.0.65.jar!/:na]
	at org.apache.tomcat.util.threads.ThreadPoolExecutor$Worker.run(ThreadPoolExecutor.java:659) [tomcat-embed-core-9.0.65.jar!/:na]
	at org.apache.tomcat.util.threads.TaskThread$WrappingRunnable.run(TaskThread.java:61) [tomcat-embed-core-9.0.65.jar!/:na]
	at java.lang.Thread.run(Thread.java:748) [na:1.8.0_212]

2022-10-05 19:15:07.247 DEBUG 1 --- [http-nio-8001-exec-3] org.hibernate.SQL                        : select user0_.id as id1_0_0_, user0_.email as email2_0_0_, user0_.name as name3_0_0_, user0_.password as password4_0_0_ from users user0_ where user0_.id=?
2022-10-05 19:15:09.315 ERROR 1 --- [http-nio-8001-exec-3] o.a.c.c.C.[.[.[/].[dispatcherServlet]    : Servlet.service() for servlet [dispatcherServlet] in context with path [] threw exception [Request processing failed; nested exception is feign.RetryableException: Connection refused (Connection refused) executing DELETE http://host.docker.internal:8002/api/v1/courses/remove-course-user/8] with root cause

java.net.ConnectException: Connection refused (Connection refused)
	at java.net.PlainSocketImpl.socketConnect(Native Method) ~[na:1.8.0_212]
	at java.net.AbstractPlainSocketImpl.doConnect(AbstractPlainSocketImpl.java:350) ~[na:1.8.0_212]
	at java.net.AbstractPlainSocketImpl.connectToAddress(AbstractPlainSocketImpl.java:206) ~[na:1.8.0_212]
	at java.net.AbstractPlainSocketImpl.connect(AbstractPlainSocketImpl.java:188) ~[na:1.8.0_212]
	at java.net.SocksSocketImpl.connect(SocksSocketImpl.java:392) ~[na:1.8.0_212]
	at java.net.Socket.connect(Socket.java:589) ~[na:1.8.0_212]
	at sun.net.NetworkClient.doConnect(NetworkClient.java:175) ~[na:1.8.0_212]
	at sun.net.www.http.HttpClient.openServer(HttpClient.java:463) ~[na:1.8.0_212]
	at sun.net.www.http.HttpClient.openServer(HttpClient.java:558) ~[na:1.8.0_212]
	at sun.net.www.http.HttpClient.<init>(HttpClient.java:242) ~[na:1.8.0_212]
	at sun.net.www.http.HttpClient.New(HttpClient.java:339) ~[na:1.8.0_212]
	at sun.net.www.http.HttpClient.New(HttpClient.java:357) ~[na:1.8.0_212]
	at sun.net.www.protocol.http.HttpURLConnection.getNewHttpClient(HttpURLConnection.java:1220) ~[na:1.8.0_212]
	at sun.net.www.protocol.http.HttpURLConnection.plainConnect0(HttpURLConnection.java:1156) ~[na:1.8.0_212]
	at sun.net.www.protocol.http.HttpURLConnection.plainConnect(HttpURLConnection.java:1050) ~[na:1.8.0_212]
	at sun.net.www.protocol.http.HttpURLConnection.connect(HttpURLConnection.java:984) ~[na:1.8.0_212]
	at sun.net.www.protocol.http.HttpURLConnection.getInputStream0(HttpURLConnection.java:1564) ~[na:1.8.0_212]
	at sun.net.www.protocol.http.HttpURLConnection.getInputStream(HttpURLConnection.java:1492) ~[na:1.8.0_212]
	at java.net.HttpURLConnection.getResponseCode(HttpURLConnection.java:480) ~[na:1.8.0_212]
	at feign.Client$Default.convertResponse(Client.java:109) ~[feign-core-11.8.jar!/:na]
	at feign.Client$Default.execute(Client.java:105) ~[feign-core-11.8.jar!/:na]
	at feign.SynchronousMethodHandler.executeAndDecode(SynchronousMethodHandler.java:119) ~[feign-core-11.8.jar!/:na]
	at feign.SynchronousMethodHandler.invoke(SynchronousMethodHandler.java:89) ~[feign-core-11.8.jar!/:na]
	at feign.ReflectiveFeign$FeignInvocationHandler.invoke(ReflectiveFeign.java:100) ~[feign-core-11.8.jar!/:na]
	at com.sun.proxy.$Proxy124.deleteCourseUserById(Unknown Source) ~[na:na]
	at com.joeldavg.springcloud.msvc.usuarios.service.impl.UserServiceImpl.deleteById(UserServiceImpl.java:45) ~[classes!/:0.0.1-SNAPSHOT]
	at com.joeldavg.springcloud.msvc.usuarios.service.impl.UserServiceImpl$$FastClassBySpringCGLIB$$706cf990.invoke(<generated>) ~[classes!/:0.0.1-SNAPSHOT]
	at org.springframework.cglib.proxy.MethodProxy.invoke(MethodProxy.java:218) ~[spring-core-5.3.23.jar!/:5.3.23]
	at org.springframework.aop.framework.CglibAopProxy$CglibMethodInvocation.invokeJoinpoint(CglibAopProxy.java:793) ~[spring-aop-5.3.23.jar!/:5.3.23]
	at org.springframework.aop.framework.ReflectiveMethodInvocation.proceed(ReflectiveMethodInvocation.java:163) ~[spring-aop-5.3.23.jar!/:5.3.23]
	at org.springframework.aop.framework.CglibAopProxy$CglibMethodInvocation.proceed(CglibAopProxy.java:763) ~[spring-aop-5.3.23.jar!/:5.3.23]
	at org.springframework.transaction.interceptor.TransactionInterceptor$1.proceedWithInvocation(TransactionInterceptor.java:123) ~[spring-tx-5.3.23.jar!/:5.3.23]
	at org.springframework.transaction.interceptor.TransactionAspectSupport.invokeWithinTransaction(TransactionAspectSupport.java:388) ~[spring-tx-5.3.23.jar!/:5.3.23]
	at org.springframework.transaction.interceptor.TransactionInterceptor.invoke(TransactionInterceptor.java:119) ~[spring-tx-5.3.23.jar!/:5.3.23]
	at org.springframework.aop.framework.ReflectiveMethodInvocation.proceed(ReflectiveMethodInvocation.java:186) ~[spring-aop-5.3.23.jar!/:5.3.23]
	at org.springframework.aop.framework.CglibAopProxy$CglibMethodInvocation.proceed(CglibAopProxy.java:763) ~[spring-aop-5.3.23.jar!/:5.3.23]
	at org.springframework.aop.framework.CglibAopProxy$DynamicAdvisedInterceptor.intercept(CglibAopProxy.java:708) ~[spring-aop-5.3.23.jar!/:5.3.23]
	at com.joeldavg.springcloud.msvc.usuarios.service.impl.UserServiceImpl$$EnhancerBySpringCGLIB$$1f63620c.deleteById(<generated>) ~[classes!/:0.0.1-SNAPSHOT]
	at com.joeldavg.springcloud.msvc.usuarios.controller.UserController.deleteById(UserController.java:88) ~[classes!/:0.0.1-SNAPSHOT]
	at sun.reflect.NativeMethodAccessorImpl.invoke0(Native Method) ~[na:1.8.0_212]
	at sun.reflect.NativeMethodAccessorImpl.invoke(NativeMethodAccessorImpl.java:62) ~[na:1.8.0_212]
	at sun.reflect.DelegatingMethodAccessorImpl.invoke(DelegatingMethodAccessorImpl.java:43) ~[na:1.8.0_212]
	at java.lang.reflect.Method.invoke(Method.java:498) ~[na:1.8.0_212]
	at org.springframework.web.method.support.InvocableHandlerMethod.doInvoke(InvocableHandlerMethod.java:205) ~[spring-web-5.3.23.jar!/:5.3.23]
	at org.springframework.web.method.support.InvocableHandlerMethod.invokeForRequest(InvocableHandlerMethod.java:150) ~[spring-web-5.3.23.jar!/:5.3.23]
	at org.springframework.web.servlet.mvc.method.annotation.ServletInvocableHandlerMethod.invokeAndHandle(ServletInvocableHandlerMethod.java:117) ~[spring-webmvc-5.3.23.jar!/:5.3.23]
	at org.springframework.web.servlet.mvc.method.annotation.RequestMappingHandlerAdapter.invokeHandlerMethod(RequestMappingHandlerAdapter.java:895) ~[spring-webmvc-5.3.23.jar!/:5.3.23]
	at org.springframework.web.servlet.mvc.method.annotation.RequestMappingHandlerAdapter.handleInternal(RequestMappingHandlerAdapter.java:808) ~[spring-webmvc-5.3.23.jar!/:5.3.23]
	at org.springframework.web.servlet.mvc.method.AbstractHandlerMethodAdapter.handle(AbstractHandlerMethodAdapter.java:87) ~[spring-webmvc-5.3.23.jar!/:5.3.23]
	at org.springframework.web.servlet.DispatcherServlet.doDispatch(DispatcherServlet.java:1071) ~[spring-webmvc-5.3.23.jar!/:5.3.23]
	at org.springframework.web.servlet.DispatcherServlet.doService(DispatcherServlet.java:964) ~[spring-webmvc-5.3.23.jar!/:5.3.23]
	at org.springframework.web.servlet.FrameworkServlet.processRequest(FrameworkServlet.java:1006) ~[spring-webmvc-5.3.23.jar!/:5.3.23]
	at org.springframework.web.servlet.FrameworkServlet.doDelete(FrameworkServlet.java:931) ~[spring-webmvc-5.3.23.jar!/:5.3.23]
	at javax.servlet.http.HttpServlet.service(HttpServlet.java:687) ~[tomcat-embed-core-9.0.65.jar!/:na]
	at org.springframework.web.servlet.FrameworkServlet.service(FrameworkServlet.java:883) ~[spring-webmvc-5.3.23.jar!/:5.3.23]
	at javax.servlet.http.HttpServlet.service(HttpServlet.java:764) ~[tomcat-embed-core-9.0.65.jar!/:na]
	at org.apache.catalina.core.ApplicationFilterChain.internalDoFilter(ApplicationFilterChain.java:227) ~[tomcat-embed-core-9.0.65.jar!/:na]
	at org.apache.catalina.core.ApplicationFilterChain.doFilter(ApplicationFilterChain.java:162) ~[tomcat-embed-core-9.0.65.jar!/:na]
	at org.apache.tomcat.websocket.server.WsFilter.doFilter(WsFilter.java:53) ~[tomcat-embed-websocket-9.0.65.jar!/:na]
	at org.apache.catalina.core.ApplicationFilterChain.internalDoFilter(ApplicationFilterChain.java:189) ~[tomcat-embed-core-9.0.65.jar!/:na]
	at org.apache.catalina.core.ApplicationFilterChain.doFilter(ApplicationFilterChain.java:162) ~[tomcat-embed-core-9.0.65.jar!/:na]
	at org.springframework.web.filter.RequestContextFilter.doFilterInternal(RequestContextFilter.java:100) ~[spring-web-5.3.23.jar!/:5.3.23]
	at org.springframework.web.filter.OncePerRequestFilter.doFilter(OncePerRequestFilter.java:117) ~[spring-web-5.3.23.jar!/:5.3.23]
	at org.apache.catalina.core.ApplicationFilterChain.internalDoFilter(ApplicationFilterChain.java:189) ~[tomcat-embed-core-9.0.65.jar!/:na]
	at org.apache.catalina.core.ApplicationFilterChain.doFilter(ApplicationFilterChain.java:162) ~[tomcat-embed-core-9.0.65.jar!/:na]
	at org.springframework.web.filter.FormContentFilter.doFilterInternal(FormContentFilter.java:93) ~[spring-web-5.3.23.jar!/:5.3.23]
	at org.springframework.web.filter.OncePerRequestFilter.doFilter(OncePerRequestFilter.java:117) ~[spring-web-5.3.23.jar!/:5.3.23]
	at org.apache.catalina.core.ApplicationFilterChain.internalDoFilter(ApplicationFilterChain.java:189) ~[tomcat-embed-core-9.0.65.jar!/:na]
	at org.apache.catalina.core.ApplicationFilterChain.doFilter(ApplicationFilterChain.java:162) ~[tomcat-embed-core-9.0.65.jar!/:na]
	at org.springframework.web.filter.CharacterEncodingFilter.doFilterInternal(CharacterEncodingFilter.java:201) ~[spring-web-5.3.23.jar!/:5.3.23]
	at org.springframework.web.filter.OncePerRequestFilter.doFilter(OncePerRequestFilter.java:117) ~[spring-web-5.3.23.jar!/:5.3.23]
	at org.apache.catalina.core.ApplicationFilterChain.internalDoFilter(ApplicationFilterChain.java:189) ~[tomcat-embed-core-9.0.65.jar!/:na]
	at org.apache.catalina.core.ApplicationFilterChain.doFilter(ApplicationFilterChain.java:162) ~[tomcat-embed-core-9.0.65.jar!/:na]
	at org.apache.catalina.core.StandardWrapperValve.invoke(StandardWrapperValve.java:197) ~[tomcat-embed-core-9.0.65.jar!/:na]
	at org.apache.catalina.core.StandardContextValve.invoke(StandardContextValve.java:97) [tomcat-embed-core-9.0.65.jar!/:na]
	at org.apache.catalina.authenticator.AuthenticatorBase.invoke(AuthenticatorBase.java:541) [tomcat-embed-core-9.0.65.jar!/:na]
	at org.apache.catalina.core.StandardHostValve.invoke(StandardHostValve.java:135) [tomcat-embed-core-9.0.65.jar!/:na]
	at org.apache.catalina.valves.ErrorReportValve.invoke(ErrorReportValve.java:92) [tomcat-embed-core-9.0.65.jar!/:na]
	at org.apache.catalina.core.StandardEngineValve.invoke(StandardEngineValve.java:78) [tomcat-embed-core-9.0.65.jar!/:na]
	at org.apache.catalina.connector.CoyoteAdapter.service(CoyoteAdapter.java:360) [tomcat-embed-core-9.0.65.jar!/:na]
	at org.apache.coyote.http11.Http11Processor.service(Http11Processor.java:399) [tomcat-embed-core-9.0.65.jar!/:na]
	at org.apache.coyote.AbstractProcessorLight.process(AbstractProcessorLight.java:65) [tomcat-embed-core-9.0.65.jar!/:na]
	at org.apache.coyote.AbstractProtocol$ConnectionHandler.process(AbstractProtocol.java:890) [tomcat-embed-core-9.0.65.jar!/:na]
	at org.apache.tomcat.util.net.NioEndpoint$SocketProcessor.doRun(NioEndpoint.java:1789) [tomcat-embed-core-9.0.65.jar!/:na]
	at org.apache.tomcat.util.net.SocketProcessorBase.run(SocketProcessorBase.java:49) [tomcat-embed-core-9.0.65.jar!/:na]
	at org.apache.tomcat.util.threads.ThreadPoolExecutor.runWorker(ThreadPoolExecutor.java:1191) [tomcat-embed-core-9.0.65.jar!/:na]
	at org.apache.tomcat.util.threads.ThreadPoolExecutor$Worker.run(ThreadPoolExecutor.java:659) [tomcat-embed-core-9.0.65.jar!/:na]
	at org.apache.tomcat.util.threads.TaskThread$WrappingRunnable.run(TaskThread.java:61) [tomcat-embed-core-9.0.65.jar!/:na]
	at java.lang.Thread.run(Thread.java:748) [na:1.8.0_212]

2022-10-05 19:18:58.114 DEBUG 1 --- [http-nio-8001-exec-5] org.hibernate.SQL                        : select user0_.id as id1_0_, user0_.email as email2_0_, user0_.name as name3_0_, user0_.password as password4_0_ from users user0_
2022-10-05 19:19:10.441 DEBUG 1 --- [http-nio-8001-exec-6] org.hibernate.SQL                        : select user0_.id as id1_0_, user0_.email as email2_0_, user0_.name as name3_0_, user0_.password as password4_0_ from users user0_
2022-10-05 19:19:13.608 DEBUG 1 --- [http-nio-8001-exec-7] org.hibernate.SQL                        : select user0_.id as id1_0_0_, user0_.email as email2_0_0_, user0_.name as name3_0_0_, user0_.password as password4_0_0_ from users user0_ where user0_.id=?
2022-10-05 19:19:22.170 DEBUG 1 --- [http-nio-8001-exec-8] org.hibernate.SQL                        : select user0_.id as col_0_0_ from users user0_ where user0_.email=? limit ?
2022-10-05 19:19:22.183 DEBUG 1 --- [http-nio-8001-exec-8] org.hibernate.SQL                        : insert into users (email, name, password) values (?, ?, ?)
2022-10-05 19:19:41.794 DEBUG 1 --- [http-nio-8001-exec-9] org.hibernate.SQL                        : select user0_.id as id1_0_0_, user0_.email as email2_0_0_, user0_.name as name3_0_0_, user0_.password as password4_0_0_ from users user0_ where user0_.id=?
2022-10-05 19:19:41.808 DEBUG 1 --- [http-nio-8001-exec-9] org.hibernate.SQL                        : select user0_.id as col_0_0_ from users user0_ where user0_.email=? limit ?
2022-10-05 19:19:41.823 DEBUG 1 --- [http-nio-8001-exec-9] org.hibernate.SQL                        : update users set email=?, name=?, password=? where id=?
2022-10-05 19:19:51.816 DEBUG 1 --- [http-nio-8001-exec-10] org.hibernate.SQL                        : select user0_.id as id1_0_0_, user0_.email as email2_0_0_, user0_.name as name3_0_0_, user0_.password as password4_0_0_ from users user0_ where user0_.id=?
2022-10-05 19:19:53.865 ERROR 1 --- [http-nio-8001-exec-10] o.a.c.c.C.[.[.[/].[dispatcherServlet]    : Servlet.service() for servlet [dispatcherServlet] in context with path [] threw exception [Request processing failed; nested exception is feign.RetryableException: Connection refused (Connection refused) executing DELETE http://host.docker.internal:8002/api/v1/courses/remove-course-user/1] with root cause

java.net.ConnectException: Connection refused (Connection refused)
	at java.net.PlainSocketImpl.socketConnect(Native Method) ~[na:1.8.0_212]
	at java.net.AbstractPlainSocketImpl.doConnect(AbstractPlainSocketImpl.java:350) ~[na:1.8.0_212]
	at java.net.AbstractPlainSocketImpl.connectToAddress(AbstractPlainSocketImpl.java:206) ~[na:1.8.0_212]
	at java.net.AbstractPlainSocketImpl.connect(AbstractPlainSocketImpl.java:188) ~[na:1.8.0_212]
	at java.net.SocksSocketImpl.connect(SocksSocketImpl.java:392) ~[na:1.8.0_212]
	at java.net.Socket.connect(Socket.java:589) ~[na:1.8.0_212]
	at sun.net.NetworkClient.doConnect(NetworkClient.java:175) ~[na:1.8.0_212]
	at sun.net.www.http.HttpClient.openServer(HttpClient.java:463) ~[na:1.8.0_212]
	at sun.net.www.http.HttpClient.openServer(HttpClient.java:558) ~[na:1.8.0_212]
	at sun.net.www.http.HttpClient.<init>(HttpClient.java:242) ~[na:1.8.0_212]
	at sun.net.www.http.HttpClient.New(HttpClient.java:339) ~[na:1.8.0_212]
	at sun.net.www.http.HttpClient.New(HttpClient.java:357) ~[na:1.8.0_212]
	at sun.net.www.protocol.http.HttpURLConnection.getNewHttpClient(HttpURLConnection.java:1220) ~[na:1.8.0_212]
	at sun.net.www.protocol.http.HttpURLConnection.plainConnect0(HttpURLConnection.java:1156) ~[na:1.8.0_212]
	at sun.net.www.protocol.http.HttpURLConnection.plainConnect(HttpURLConnection.java:1050) ~[na:1.8.0_212]
	at sun.net.www.protocol.http.HttpURLConnection.connect(HttpURLConnection.java:984) ~[na:1.8.0_212]
	at sun.net.www.protocol.http.HttpURLConnection.getInputStream0(HttpURLConnection.java:1564) ~[na:1.8.0_212]
	at sun.net.www.protocol.http.HttpURLConnection.getInputStream(HttpURLConnection.java:1492) ~[na:1.8.0_212]
	at java.net.HttpURLConnection.getResponseCode(HttpURLConnection.java:480) ~[na:1.8.0_212]
	at feign.Client$Default.convertResponse(Client.java:109) ~[feign-core-11.8.jar!/:na]
	at feign.Client$Default.execute(Client.java:105) ~[feign-core-11.8.jar!/:na]
	at feign.SynchronousMethodHandler.executeAndDecode(SynchronousMethodHandler.java:119) ~[feign-core-11.8.jar!/:na]
	at feign.SynchronousMethodHandler.invoke(SynchronousMethodHandler.java:89) ~[feign-core-11.8.jar!/:na]
	at feign.ReflectiveFeign$FeignInvocationHandler.invoke(ReflectiveFeign.java:100) ~[feign-core-11.8.jar!/:na]
	at com.sun.proxy.$Proxy124.deleteCourseUserById(Unknown Source) ~[na:na]
	at com.joeldavg.springcloud.msvc.usuarios.service.impl.UserServiceImpl.deleteById(UserServiceImpl.java:45) ~[classes!/:0.0.1-SNAPSHOT]
	at com.joeldavg.springcloud.msvc.usuarios.service.impl.UserServiceImpl$$FastClassBySpringCGLIB$$706cf990.invoke(<generated>) ~[classes!/:0.0.1-SNAPSHOT]
	at org.springframework.cglib.proxy.MethodProxy.invoke(MethodProxy.java:218) ~[spring-core-5.3.23.jar!/:5.3.23]
	at org.springframework.aop.framework.CglibAopProxy$CglibMethodInvocation.invokeJoinpoint(CglibAopProxy.java:793) ~[spring-aop-5.3.23.jar!/:5.3.23]
	at org.springframework.aop.framework.ReflectiveMethodInvocation.proceed(ReflectiveMethodInvocation.java:163) ~[spring-aop-5.3.23.jar!/:5.3.23]
	at org.springframework.aop.framework.CglibAopProxy$CglibMethodInvocation.proceed(CglibAopProxy.java:763) ~[spring-aop-5.3.23.jar!/:5.3.23]
	at org.springframework.transaction.interceptor.TransactionInterceptor$1.proceedWithInvocation(TransactionInterceptor.java:123) ~[spring-tx-5.3.23.jar!/:5.3.23]
	at org.springframework.transaction.interceptor.TransactionAspectSupport.invokeWithinTransaction(TransactionAspectSupport.java:388) ~[spring-tx-5.3.23.jar!/:5.3.23]
	at org.springframework.transaction.interceptor.TransactionInterceptor.invoke(TransactionInterceptor.java:119) ~[spring-tx-5.3.23.jar!/:5.3.23]
	at org.springframework.aop.framework.ReflectiveMethodInvocation.proceed(ReflectiveMethodInvocation.java:186) ~[spring-aop-5.3.23.jar!/:5.3.23]
	at org.springframework.aop.framework.CglibAopProxy$CglibMethodInvocation.proceed(CglibAopProxy.java:763) ~[spring-aop-5.3.23.jar!/:5.3.23]
	at org.springframework.aop.framework.CglibAopProxy$DynamicAdvisedInterceptor.intercept(CglibAopProxy.java:708) ~[spring-aop-5.3.23.jar!/:5.3.23]
	at com.joeldavg.springcloud.msvc.usuarios.service.impl.UserServiceImpl$$EnhancerBySpringCGLIB$$1f63620c.deleteById(<generated>) ~[classes!/:0.0.1-SNAPSHOT]
	at com.joeldavg.springcloud.msvc.usuarios.controller.UserController.deleteById(UserController.java:88) ~[classes!/:0.0.1-SNAPSHOT]
	at sun.reflect.NativeMethodAccessorImpl.invoke0(Native Method) ~[na:1.8.0_212]
	at sun.reflect.NativeMethodAccessorImpl.invoke(NativeMethodAccessorImpl.java:62) ~[na:1.8.0_212]
	at sun.reflect.DelegatingMethodAccessorImpl.invoke(DelegatingMethodAccessorImpl.java:43) ~[na:1.8.0_212]
	at java.lang.reflect.Method.invoke(Method.java:498) ~[na:1.8.0_212]
	at org.springframework.web.method.support.InvocableHandlerMethod.doInvoke(InvocableHandlerMethod.java:205) ~[spring-web-5.3.23.jar!/:5.3.23]
	at org.springframework.web.method.support.InvocableHandlerMethod.invokeForRequest(InvocableHandlerMethod.java:150) ~[spring-web-5.3.23.jar!/:5.3.23]
	at org.springframework.web.servlet.mvc.method.annotation.ServletInvocableHandlerMethod.invokeAndHandle(ServletInvocableHandlerMethod.java:117) ~[spring-webmvc-5.3.23.jar!/:5.3.23]
	at org.springframework.web.servlet.mvc.method.annotation.RequestMappingHandlerAdapter.invokeHandlerMethod(RequestMappingHandlerAdapter.java:895) ~[spring-webmvc-5.3.23.jar!/:5.3.23]
	at org.springframework.web.servlet.mvc.method.annotation.RequestMappingHandlerAdapter.handleInternal(RequestMappingHandlerAdapter.java:808) ~[spring-webmvc-5.3.23.jar!/:5.3.23]
	at org.springframework.web.servlet.mvc.method.AbstractHandlerMethodAdapter.handle(AbstractHandlerMethodAdapter.java:87) ~[spring-webmvc-5.3.23.jar!/:5.3.23]
	at org.springframework.web.servlet.DispatcherServlet.doDispatch(DispatcherServlet.java:1071) ~[spring-webmvc-5.3.23.jar!/:5.3.23]
	at org.springframework.web.servlet.DispatcherServlet.doService(DispatcherServlet.java:964) ~[spring-webmvc-5.3.23.jar!/:5.3.23]
	at org.springframework.web.servlet.FrameworkServlet.processRequest(FrameworkServlet.java:1006) ~[spring-webmvc-5.3.23.jar!/:5.3.23]
	at org.springframework.web.servlet.FrameworkServlet.doDelete(FrameworkServlet.java:931) ~[spring-webmvc-5.3.23.jar!/:5.3.23]
	at javax.servlet.http.HttpServlet.service(HttpServlet.java:687) ~[tomcat-embed-core-9.0.65.jar!/:na]
	at org.springframework.web.servlet.FrameworkServlet.service(FrameworkServlet.java:883) ~[spring-webmvc-5.3.23.jar!/:5.3.23]
	at javax.servlet.http.HttpServlet.service(HttpServlet.java:764) ~[tomcat-embed-core-9.0.65.jar!/:na]
	at org.apache.catalina.core.ApplicationFilterChain.internalDoFilter(ApplicationFilterChain.java:227) ~[tomcat-embed-core-9.0.65.jar!/:na]
	at org.apache.catalina.core.ApplicationFilterChain.doFilter(ApplicationFilterChain.java:162) ~[tomcat-embed-core-9.0.65.jar!/:na]
	at org.apache.tomcat.websocket.server.WsFilter.doFilter(WsFilter.java:53) ~[tomcat-embed-websocket-9.0.65.jar!/:na]
	at org.apache.catalina.core.ApplicationFilterChain.internalDoFilter(ApplicationFilterChain.java:189) ~[tomcat-embed-core-9.0.65.jar!/:na]
	at org.apache.catalina.core.ApplicationFilterChain.doFilter(ApplicationFilterChain.java:162) ~[tomcat-embed-core-9.0.65.jar!/:na]
	at org.springframework.web.filter.RequestContextFilter.doFilterInternal(RequestContextFilter.java:100) ~[spring-web-5.3.23.jar!/:5.3.23]
	at org.springframework.web.filter.OncePerRequestFilter.doFilter(OncePerRequestFilter.java:117) ~[spring-web-5.3.23.jar!/:5.3.23]
	at org.apache.catalina.core.ApplicationFilterChain.internalDoFilter(ApplicationFilterChain.java:189) ~[tomcat-embed-core-9.0.65.jar!/:na]
	at org.apache.catalina.core.ApplicationFilterChain.doFilter(ApplicationFilterChain.java:162) ~[tomcat-embed-core-9.0.65.jar!/:na]
	at org.springframework.web.filter.FormContentFilter.doFilterInternal(FormContentFilter.java:93) ~[spring-web-5.3.23.jar!/:5.3.23]
	at org.springframework.web.filter.OncePerRequestFilter.doFilter(OncePerRequestFilter.java:117) ~[spring-web-5.3.23.jar!/:5.3.23]
	at org.apache.catalina.core.ApplicationFilterChain.internalDoFilter(ApplicationFilterChain.java:189) ~[tomcat-embed-core-9.0.65.jar!/:na]
	at org.apache.catalina.core.ApplicationFilterChain.doFilter(ApplicationFilterChain.java:162) ~[tomcat-embed-core-9.0.65.jar!/:na]
	at org.springframework.web.filter.CharacterEncodingFilter.doFilterInternal(CharacterEncodingFilter.java:201) ~[spring-web-5.3.23.jar!/:5.3.23]
	at org.springframework.web.filter.OncePerRequestFilter.doFilter(OncePerRequestFilter.java:117) ~[spring-web-5.3.23.jar!/:5.3.23]
	at org.apache.catalina.core.ApplicationFilterChain.internalDoFilter(ApplicationFilterChain.java:189) ~[tomcat-embed-core-9.0.65.jar!/:na]
	at org.apache.catalina.core.ApplicationFilterChain.doFilter(ApplicationFilterChain.java:162) ~[tomcat-embed-core-9.0.65.jar!/:na]
	at org.apache.catalina.core.StandardWrapperValve.invoke(StandardWrapperValve.java:197) ~[tomcat-embed-core-9.0.65.jar!/:na]
	at org.apache.catalina.core.StandardContextValve.invoke(StandardContextValve.java:97) [tomcat-embed-core-9.0.65.jar!/:na]
	at org.apache.catalina.authenticator.AuthenticatorBase.invoke(AuthenticatorBase.java:541) [tomcat-embed-core-9.0.65.jar!/:na]
	at org.apache.catalina.core.StandardHostValve.invoke(StandardHostValve.java:135) [tomcat-embed-core-9.0.65.jar!/:na]
	at org.apache.catalina.valves.ErrorReportValve.invoke(ErrorReportValve.java:92) [tomcat-embed-core-9.0.65.jar!/:na]
	at org.apache.catalina.core.StandardEngineValve.invoke(StandardEngineValve.java:78) [tomcat-embed-core-9.0.65.jar!/:na]
	at org.apache.catalina.connector.CoyoteAdapter.service(CoyoteAdapter.java:360) [tomcat-embed-core-9.0.65.jar!/:na]
	at org.apache.coyote.http11.Http11Processor.service(Http11Processor.java:399) [tomcat-embed-core-9.0.65.jar!/:na]
	at org.apache.coyote.AbstractProcessorLight.process(AbstractProcessorLight.java:65) [tomcat-embed-core-9.0.65.jar!/:na]
	at org.apache.coyote.AbstractProtocol$ConnectionHandler.process(AbstractProtocol.java:890) [tomcat-embed-core-9.0.65.jar!/:na]
	at org.apache.tomcat.util.net.NioEndpoint$SocketProcessor.doRun(NioEndpoint.java:1789) [tomcat-embed-core-9.0.65.jar!/:na]
	at org.apache.tomcat.util.net.SocketProcessorBase.run(SocketProcessorBase.java:49) [tomcat-embed-core-9.0.65.jar!/:na]
	at org.apache.tomcat.util.threads.ThreadPoolExecutor.runWorker(ThreadPoolExecutor.java:1191) [tomcat-embed-core-9.0.65.jar!/:na]
	at org.apache.tomcat.util.threads.ThreadPoolExecutor$Worker.run(ThreadPoolExecutor.java:659) [tomcat-embed-core-9.0.65.jar!/:na]
	at org.apache.tomcat.util.threads.TaskThread$WrappingRunnable.run(TaskThread.java:61) [tomcat-embed-core-9.0.65.jar!/:na]
	at java.lang.Thread.run(Thread.java:748) [na:1.8.0_212]

